2025-04-11T04:52:51.795853 | 🔥 High memory: VTDecoderXPCService (2670592 KB)
2025-04-11T04:52:51.796316 | 🔥 High memory: cloudphotod (6463488 KB)
2025-04-11T04:52:51.796468 | 🔥 High memory: rust-analyzer (800178176 KB)
2025-04-11T04:52:51.796653 | 🔥 High memory: FrontendAgent (17350656 KB)
2025-04-11T04:52:51.796811 | 🔥 High memory: contentlinkingd (4239360 KB)
2025-04-11T04:52:51.796975 | 🔥 High memory: Code Helper (Renderer) (363577344 KB)
2025-04-11T04:52:51.797129 | 🔥 High memory: geoanalyticsd (3342336 KB)
2025-04-11T04:52:51.797262 | 🔥 High memory: CloudTelemetryService (7221248 KB)
2025-04-11T04:52:51.797377 | 🔥 High memory: ShipIt (3072000 KB)
2025-04-11T04:52:51.797516 | 🔥 High memory: MessagesBlastDoorService (5558272 KB)
2025-04-11T04:52:51.797665 | 🔥 High memory: chronod (10301440 KB)
2025-04-11T04:52:51.797777 | 🔥 High memory: usernoted (16297984 KB)
2025-04-11T04:52:51.797879 | 🔥 High memory: BackgroundTaskManagementAgent (4407296 KB)
2025-04-11T04:52:51.798074 | 🔥 High memory: UsageTrackingAgent (12263424 KB)
2025-04-11T04:52:51.798179 | 🔥 High memory: universalaccessd (4800512 KB)
2025-04-11T04:52:51.798271 | 🔥 High memory: com.apple.accessibility.mediaaccessibilityd (1032192 KB)
2025-04-11T04:52:51.798377 | 🔥 High memory: mlhostd (6995968 KB)
2025-04-11T04:52:51.798462 | 🔥 High memory: WindowManager (16248832 KB)
2025-04-11T04:52:51.798575 | 🔥 High memory: mobiletimerd (2306048 KB)
2025-04-11T04:52:51.798682 | 🔥 High memory: com.apple.WebKit.GPU (122654720 KB)
2025-04-11T04:52:51.798845 | 🔥 High memory: replayd (3174400 KB)
2025-04-11T04:52:51.798930 | 🔥 High memory: MTLCompilerService (1310720 KB)
2025-04-11T04:52:51.799063 | 🔥 High memory: OSDUIHelper (6156288 KB)
2025-04-11T04:52:51.799147 | 🔥 High memory: TextInputMenuAgent (8523776 KB)
2025-04-11T04:52:51.799226 | 🔥 High memory: sharingd (19030016 KB)
2025-04-11T04:52:51.799301 | 🔥 High memory: Family (14925824 KB)
2025-04-11T04:52:51.799413 | 🔥 High memory: findmydevice-user-agent (2273280 KB)
2025-04-11T04:52:51.799515 | 🔥 High memory: corespeechd (6365184 KB)
2025-04-11T04:52:51.799603 | 🔥 High memory: syncdefaultsd (13180928 KB)
2025-04-11T04:52:51.799685 | 🔥 High memory: MTLCompilerService (1351680 KB)
2025-04-11T04:52:51.799790 | 🔥 High memory: SafariAdapter (1720320 KB)
2025-04-11T04:52:51.799878 | 🔥 High memory: askpermissiond (2007040 KB)
2025-04-11T04:52:51.799965 | 🔥 High memory: mdbulkimport (8278016 KB)
2025-04-11T04:52:51.800042 | 🔥 High memory: SystemUIServer (8720384 KB)
2025-04-11T04:52:51.800122 | 🔥 High memory: zsh (598016 KB)
2025-04-11T04:52:51.800195 | 🔥 High memory: adprivacyd (6369280 KB)
2025-04-11T04:52:51.800270 | 🔥 High memory: com.apple.appkit.xpc.openAndSavePanelService (67813376 KB)
2025-04-11T04:52:51.800371 | 🔥 High memory: com.apple.iCloudHelper (9457664 KB)
2025-04-11T04:52:51.800457 | 🔥 High memory: CategoriesService (2867200 KB)
2025-04-11T04:52:51.800557 | 🔥 High memory: QuickLookUIService (4313088 KB)
2025-04-11T04:52:51.800644 | 🔥 High memory: ScopedBookmarkAgent (4370432 KB)
2025-04-11T04:52:51.800731 | 🔥 High memory: fmfd (3411968 KB)
2025-04-11T04:52:51.800810 | 🔥 High memory: fileproviderd (19734528 KB)
2025-04-11T04:52:51.800891 | 🔥 High memory: generativeexperiencesd (4501504 KB)
2025-04-11T04:52:51.800967 | 🔥 High memory: financed (2822144 KB)
2025-04-11T04:52:51.801075 | 🔥 High memory: photolibraryd (36839424 KB)
2025-04-11T04:52:51.801170 | 🔥 High memory: com.apple.photos.ImageConversionService (4235264 KB)
2025-04-11T04:52:51.801260 | 🔥 High memory: dataaccessd (10686464 KB)
2025-04-11T04:52:51.801369 | 🔥 High memory: zsh (5173248 KB)
2025-04-11T04:52:51.801479 | 🔥 High memory: ProtectedCloudKeySyncing (2236416 KB)
2025-04-11T04:52:51.801576 | 🔥 High memory: Code Helper (Plugin) (35782656 KB)
2025-04-11T04:52:51.801651 | 🔥 High memory: com.apple.audio.SandboxHelper (1953792 KB)
2025-04-11T04:52:51.801746 | 🔥 High memory: webinspectord (4186112 KB)
2025-04-11T04:52:51.801878 | 🔥 High memory: IFTelemetrySELFIngestor (1875968 KB)
2025-04-11T04:52:51.802019 | 🔥 High memory: linkd (12406784 KB)
2025-04-11T04:52:51.802119 | 🔥 High memory: ndoagent (4276224 KB)
2025-04-11T04:52:51.802211 | 🔥 High memory: SiriSuggestionsBookkeepingService (3104768 KB)
2025-04-11T04:52:51.802322 | 🔥 High memory: com.apple.BKAgentService (1044480 KB)
2025-04-11T04:52:51.802411 | 🔥 High memory: com.apple.mail.SpotlightIndexExtension (3674112 KB)
2025-04-11T04:52:51.802512 | 🔥 High memory: ssh-agent (1077248 KB)
2025-04-11T04:52:51.802596 | 🔥 High memory: neagent (6250496 KB)
2025-04-11T04:52:51.802679 | 🔥 High memory: secd (17129472 KB)
2025-04-11T04:52:51.802800 | 🔥 High memory: AMPArtworkAgent (15388672 KB)
2025-04-11T04:52:51.802898 | 🔥 High memory: axassetsd (2859008 KB)
2025-04-11T04:52:51.803029 | 🔥 High memory: ContextService (13651968 KB)
2025-04-11T04:52:51.803142 | 🔥 High memory: zsh (2752512 KB)
2025-04-11T04:52:51.803257 | 🔥 High memory: zsh (892928 KB)
2025-04-11T04:52:51.803363 | 🔥 High memory: com.apple.WebKit.Networking (51077120 KB)
2025-04-11T04:52:51.803512 | 🔥 High memory: NotificationCenter (28663808 KB)
2025-04-11T04:52:51.803666 | 🔥 High memory: managedcorespotlightd (21245952 KB)
2025-04-11T04:52:51.803776 | 🔥 High memory: accountsd (16596992 KB)
2025-04-11T04:52:51.803939 | 🔥 High memory: AMPDeviceDiscoveryAgent (1593344 KB)
2025-04-11T04:52:51.804056 | 🔥 High memory: MessagesBlastDoorService (3088384 KB)
2025-04-11T04:52:51.804167 | 🔥 High memory: CoreServicesUIAgent (13832192 KB)
2025-04-11T04:52:51.804277 | 🔥 High memory: SafariNotificationAgent (6111232 KB)
2025-04-11T04:52:51.804382 | 🔥 High memory: coreautha (8941568 KB)
2025-04-11T04:52:51.804473 | 🔥 High memory: maild (4071424 KB)
2025-04-11T04:52:51.804584 | 🔥 High memory: tccd (7417856 KB)
2025-04-11T04:52:51.804710 | 🔥 High memory: VTDecoderXPCService (3813376 KB)
2025-04-11T04:52:51.804803 | 🔥 High memory: voicebankingd (3424256 KB)
2025-04-11T04:52:51.804889 | 🔥 High memory: VTEncoderXPCService (10076160 KB)
2025-04-11T04:52:51.804970 | 🔥 High memory: keychainsharingmessagingd (1134592 KB)
2025-04-11T04:52:51.805048 | 🔥 High memory: promotedcontentd (4972544 KB)
2025-04-11T04:52:51.805140 | 🔥 High memory: com.apple.Safari.SafeBrowsing.Service (27295744 KB)
2025-04-11T04:52:51.805221 | 🔥 High memory: com.apple.hiservices-xpcservice (1777664 KB)
2025-04-11T04:52:51.805305 | 🔥 High memory: iCloudNotificationAgent (8519680 KB)
2025-04-11T04:52:51.805409 | 🔥 High memory: WiFiAgent (8769536 KB)
2025-04-11T04:52:51.805520 | 🔥 High memory: parsecd (13271040 KB)
2025-04-11T04:52:51.805610 | 🔥 High memory: usernotificationsd (6557696 KB)
2025-04-11T04:52:51.805707 | 🔥 High memory: zsh (606208 KB)
2025-04-11T04:52:51.805791 | 🔥 High memory: contactsd (44376064 KB)
2025-04-11T04:52:51.805897 | 🔥 High memory: amsengagementd (8359936 KB)
2025-04-11T04:52:51.806002 | 🔥 High memory: Python (3694592 KB)
2025-04-11T04:52:51.806154 | 🔥 High memory: gitstatusd-darwin-x86_64 (1708032 KB)
2025-04-11T04:52:51.806247 | 🔥 High memory: MessagesBlastDoorService (3530752 KB)
2025-04-11T04:52:51.806345 | 🔥 High memory: AMPLibraryAgent (23846912 KB)
2025-04-11T04:52:51.806463 | 🔥 High memory: CGPDFService (2732032 KB)
2025-04-11T04:52:51.806563 | 🔥 High memory: Code Helper (Plugin) (42393600 KB)
2025-04-11T04:52:51.806681 | 🔥 High memory: MTLCompilerService (13086720 KB)
2025-04-11T04:52:51.806791 | 🔥 High memory: nsurlsessiond (12505088 KB)
2025-04-11T04:52:51.806897 | 🔥 High memory: zsh (4333568 KB)
2025-04-11T04:52:51.807001 | 🔥 High memory: IntelligencePlatformComputeService (18903040 KB)
2025-04-11T04:52:51.807091 | 🔥 High memory: calaccessd (16076800 KB)
2025-04-11T04:52:51.807209 | 🔥 High memory: com.apple.Safari.SearchHelper (7618560 KB)
2025-04-11T04:52:51.807355 | 🔥 High memory: imklaunchagent (4009984 KB)
2025-04-11T04:52:51.807488 | 🔥 High memory: ImageIOXPCService (4546560 KB)
2025-04-11T04:52:51.807710 | 🔥 High memory: com.apple.Safari.History (9510912 KB)
2025-04-11T04:52:51.807812 | 🔥 High memory: SoftwareUpdateNotificationManager (8003584 KB)
2025-04-11T04:52:51.807969 | 🔥 High memory: privatecloudcomputed (2502656 KB)
2025-04-11T04:52:51.808111 | 🔥 High memory: WallpaperAgent (7958528 KB)
2025-04-11T04:52:51.808349 | 🔥 High memory: commerce (5156864 KB)
2025-04-11T04:52:51.808513 | 🔥 High memory: pboard (4079616 KB)
2025-04-11T04:52:51.808648 | 🔥 High memory: siriinferenced (11329536 KB)
2025-04-11T04:52:51.808788 | 🔥 High memory: swtransparencyd (942080 KB)
2025-04-11T04:52:51.808912 | 🔥 High memory: passd (9617408 KB)
2025-04-11T04:52:51.809030 | 🔥 High memory: siriknowledged (15519744 KB)
2025-04-11T04:52:51.809126 | 🔥 High memory: proactiveeventtrackerd (2236416 KB)
2025-04-11T04:52:51.809220 | 🔥 High memory: intelligencecontextd (1990656 KB)
2025-04-11T04:52:51.809335 | 🔥 High memory: com.apple.WebKit.WebContent (99041280 KB)
2025-04-11T04:52:51.809441 | 🔥 High memory: SiriNCService (11268096 KB)
2025-04-11T04:52:51.809600 | 🔥 High memory: PodcastContentService (1699840 KB)
2025-04-11T04:52:51.809723 | 🔥 High memory: Code Helper (Plugin) (201822208 KB)
2025-04-11T04:52:51.809923 | 🔥 High memory: deleted (13533184 KB)
2025-04-11T04:52:51.810058 | 🔥 High memory: ServiceRecords (4935680 KB)
2025-04-11T04:52:51.810240 | 🔥 High memory: feedbackd (1232896 KB)
2025-04-11T04:52:51.810461 | 🔥 High memory: assistantd (27860992 KB)
2025-04-11T04:52:51.810615 | 🔥 High memory: StocksKitService (614400 KB)
2025-04-11T04:52:51.810789 | 🔥 High memory: CoreLocationAgent (6909952 KB)
2025-04-11T04:52:51.810931 | 🔥 High memory: com.apple.WebKit.WebContent (462962688 KB)
2025-04-11T04:52:51.811081 | 🔥 High memory: AudioComponentRegistrar (1601536 KB)
2025-04-11T04:52:51.811503 | 🔥 High memory: zsh (753664 KB)
2025-04-11T04:52:51.811709 | 🔥 High memory: rapportd (10350592 KB)
2025-04-11T04:52:51.811857 | 🔥 High memory: AppSSOAgent (5148672 KB)
2025-04-11T04:52:51.811961 | 🔥 High memory: recentsd (3497984 KB)
2025-04-11T04:52:51.812125 | 🔥 High memory: cdpd (3661824 KB)
2025-04-11T04:52:51.812364 | 🔥 High memory: talagentd (5406720 KB)
2025-04-11T04:52:51.812581 | 🔥 High memory: WallpaperVideoExtension (5738496 KB)
2025-04-11T04:52:51.812715 | 🔥 High memory: coreauthd (6078464 KB)
2025-04-11T04:52:51.812899 | 🔥 High memory: BiomeAgent (10014720 KB)
2025-04-11T04:52:51.813027 | 🔥 High memory: nsattributedstringagent (12787712 KB)
2025-04-11T04:52:51.813303 | 🔥 High memory: UserEventAgent (10289152 KB)
2025-04-11T04:52:51.813503 | 🔥 High memory: gitstatusd-darwin-x86_64 (1150976 KB)
2025-04-11T04:52:51.813727 | 🔥 High memory: BiomeSELFIngestor (1753088 KB)
2025-04-11T04:52:51.813902 | 🔥 High memory: XProtectPluginService (1753088 KB)
2025-04-11T04:52:51.814240 | 🔥 High memory: com.apple.dock.external.extra.x86_64 (4132864 KB)
2025-04-11T04:52:51.814436 | 🔥 High memory: com.apple.WebKit.WebContent (27144192 KB)
2025-04-11T04:52:51.814744 | 🔥 High memory: UniversalControl (12410880 KB)
2025-04-11T04:52:51.814968 | 🔥 High memory: csnameddatad (528384 KB)
2025-04-11T04:52:51.815122 | 🔥 High memory: trustd (9510912 KB)
2025-04-11T04:52:51.815272 | 🔥 High memory: mdworker_shared (13058048 KB)
2025-04-11T04:52:51.815411 | 🔥 High memory: zsh (5054464 KB)
2025-04-11T04:52:51.815579 | 🔥 High memory: PlugInLibraryService (819200 KB)
2025-04-11T04:52:51.815730 | 🔥 High memory: Python (39964672 KB)
2025-04-11T04:52:51.815959 | 🔥 High memory: LinkedNotesUIService (9666560 KB)
2025-04-11T04:52:51.816241 | 🔥 High memory: extensionkitservice (3956736 KB)
2025-04-11T04:52:51.816426 | 🔥 High memory: pet (3784704 KB)
2025-04-11T04:52:51.816572 | 🔥 High memory: textunderstandingd (1224704 KB)
2025-04-11T04:52:51.816713 | 🔥 High memory: appplaceholdersyncd (2895872 KB)
2025-04-11T04:52:51.816900 | 🔥 High memory: CSExattrCryptoService (2064384 KB)
2025-04-11T04:52:51.817054 | 🔥 High memory: MTLAssetUpgraderD (1482752 KB)
2025-04-11T04:52:51.817381 | 🔥 High memory: BTLEServerAgent (1331200 KB)
2025-04-11T04:52:51.817703 | 🔥 High memory: swcd (4063232 KB)
2025-04-11T04:52:51.817947 | 🔥 High memory: geodMachServiceBridge (671744 KB)
2025-04-11T04:52:51.818148 | 🔥 High memory: gitstatusd-darwin-x86_64 (1077248 KB)
2025-04-11T04:52:51.818369 | 🔥 High memory: progressd (1732608 KB)
2025-04-11T04:52:51.818531 | 🔥 High memory: seserviced (2899968 KB)
2025-04-11T04:52:51.818709 | 🔥 High memory: agent-core (9076736 KB)
2025-04-11T04:52:51.818901 | 🔥 High memory: ManagedSettingsAgent (1261568 KB)
2025-04-11T04:52:51.819064 | 🔥 High memory: Finder (39997440 KB)
2025-04-11T04:52:51.819323 | 🔥 High memory: com.apple.sbd (4370432 KB)
2025-04-11T04:52:51.819539 | 🔥 High memory: Preview (23044096 KB)
2025-04-11T04:52:51.819767 | 🔥 High memory: AssetCacheLocatorService (3043328 KB)
2025-04-11T04:52:51.819998 | 🔥 High memory: familycircled (7688192 KB)
2025-04-11T04:52:51.820201 | 🔥 High memory: QuickLookUIService (10133504 KB)
2025-04-11T04:52:51.820430 | 🔥 High memory: CMFSyncAgent (1597440 KB)
2025-04-11T04:52:51.820609 | 🔥 High memory: ContextStoreAgent (12005376 KB)
2025-04-11T04:52:51.820775 | 🔥 High memory: avatarsd (3338240 KB)
2025-04-11T04:52:51.820979 | 🔥 High memory: Python (5840896 KB)
2025-04-11T04:52:51.821155 | 🔥 High memory: zsh (950272 KB)
2025-04-11T04:52:51.821359 | 🔥 High memory: StatusKitAgent (11919360 KB)
2025-04-11T04:52:51.821624 | 🔥 High memory: EmojiFunctionRowIM_Extension (5066752 KB)
2025-04-11T04:52:51.821792 | 🔥 High memory: com.apple.WebKit.WebContent (48971776 KB)
2025-04-11T04:52:51.821995 | 🔥 High memory: PasswordBreachAgent (2605056 KB)
2025-04-11T04:52:51.822119 | 🔥 High memory: AppPredictionIntentsHelperService (11239424 KB)
2025-04-11T04:52:51.822284 | 🔥 High memory: com.apple.StreamingUnzipService (1691648 KB)
2025-04-11T04:52:51.822553 | 🔥 High memory: IMDPersistenceAgent (48836608 KB)
2025-04-11T04:52:51.822689 | 🔥 High memory: com.apple.dock.extra (12251136 KB)
2025-04-11T04:52:51.822837 | 🔥 High memory: ViewBridgeAuxiliary (4878336 KB)
2025-04-11T04:52:51.822983 | 🔥 High memory: com.apple.audio.SandboxHelper (1953792 KB)
2025-04-11T04:52:51.823098 | 🔥 High memory: localizationswitcherd (1331200 KB)
2025-04-11T04:52:51.823207 | 🔥 High memory: XProtect (745472 KB)
2025-04-11T04:52:51.823307 | 🔥 High memory: intelligenceplatformd (3526656 KB)
2025-04-11T04:52:51.823406 | 🔥 High memory: mlruntimed (4046848 KB)
2025-04-11T04:52:51.823611 | 🔥 High memory: spotlightknowledged (4005888 KB)
2025-04-11T04:52:51.823713 | 🔥 High memory: MTLCompilerService (6868992 KB)
2025-04-11T04:52:51.823861 | 🔥 High memory: distnoted (3473408 KB)
2025-04-11T04:52:51.823998 | 🔥 High memory: Code Helper (GPU) (60026880 KB)
2025-04-11T04:52:51.824113 | 🔥 High memory: mdworker (2326528 KB)
2025-04-11T04:52:51.824226 | 🔥 High memory: avconferenced (21995520 KB)
2025-04-11T04:52:51.824365 | 🔥 High memory: DockHelper (13840384 KB)
2025-04-11T04:52:51.824500 | 🔥 High memory: diagnosticextensionsd (1167360 KB)
2025-04-11T04:52:51.824654 | 🔥 High memory: routined (23105536 KB)
2025-04-11T04:52:51.824754 | 🔥 High memory: TrustedPeersHelper (6201344 KB)
2025-04-11T04:52:51.824952 | 🔥 High memory: weatherd (2256896 KB)
2025-04-11T04:52:51.825088 | 🔥 High memory: siriactionsd (7348224 KB)
2025-04-11T04:52:51.840128 | 🔥 High memory: ctkd (3010560 KB)
2025-04-11T04:52:51.844953 | 🔥 High memory: AuthenticationServicesAgent (7258112 KB)
2025-04-11T04:52:51.845186 | 🔥 High memory: ciphermld (1683456 KB)
2025-04-11T04:52:51.845392 | 🔥 High memory: AppleSpell (193560576 KB)
2025-04-11T04:52:51.845585 | 🔥 High memory: mapssyncd (3915776 KB)
2025-04-11T04:52:51.845776 | 🔥 High memory: UserNotificationCenter (29229056 KB)
2025-04-11T04:52:51.846008 | 🔥 High memory: com.apple.geod (8667136 KB)
2025-04-11T04:52:51.846159 | 🔥 High memory: com.apple.FaceTime.FTConversationService (1544192 KB)
2025-04-11T04:52:51.846347 | 🔥 High memory: amsaccountsd (7184384 KB)
2025-04-11T04:52:51.846464 | 🔥 High memory: duetexpertd (22986752 KB)
2025-04-11T04:52:51.846628 | 🔥 High memory: inputanalyticsd (2035712 KB)
2025-04-11T04:52:51.846780 | 🔥 High memory: com.apple.Safari.SandboxBroker (11137024 KB)
2025-04-11T04:52:51.851084 | 🔥 High memory: localspeechrecognition (4460544 KB)
2025-04-11T04:52:51.852630 | 🔥 High memory: ContainerMetadataExtractor (5730304 KB)
2025-04-11T04:52:51.852886 | 🔥 High memory: callservicesd (20533248 KB)
2025-04-11T04:52:51.853068 | 🔥 High memory: triald (3751936 KB)
2025-04-11T04:52:51.853218 | 🔥 High memory: secinitd (10518528 KB)
2025-04-11T04:52:51.853353 | 🔥 High memory: SidecarRelay (3715072 KB)
2025-04-11T04:52:51.862349 | 🔥 High memory: webpushd (1191936 KB)
2025-04-11T04:52:51.866459 | 🔥 High memory: iconservicesagent (8171520 KB)
2025-04-11T04:52:51.866740 | 🔥 High memory: searchpartyuseragent (16080896 KB)
2025-04-11T04:52:51.869329 | 🔥 High memory: donotdisturbd (19513344 KB)
2025-04-11T04:52:51.869550 | 🔥 High memory: naturallanguaged (45875200 KB)
2025-04-11T04:52:51.869725 | 🔥 High memory: CommCenter (6537216 KB)
2025-04-11T04:52:51.869860 | 🔥 High memory: sociallayerd (7245824 KB)
2025-04-11T04:52:51.878543 | 🔥 High memory: com.apple.WebKit.WebContent (60239872 KB)
2025-04-11T04:52:51.878934 | 🔥 High memory: bird (31637504 KB)
2025-04-11T04:52:51.879186 | 🔥 High memory: contactsdonationagent (9216000 KB)
2025-04-11T04:52:51.879440 | 🔥 High memory: Siri (6737920 KB)
2025-04-11T04:52:51.879629 | 🔥 High memory: intelligentroutingd (4636672 KB)
2025-04-11T04:52:51.879830 | 🔥 High memory: SetStoreUpdateService (3833856 KB)
2025-04-11T04:52:51.879997 | 🔥 High memory: bluetoothuserd (5632000 KB)
2025-04-11T04:52:51.880121 | 🔥 High memory: Code Helper (18452480 KB)
2025-04-11T04:52:51.880233 | 🔥 High memory: assistant_cdmd (8159232 KB)
2025-04-11T04:52:51.880338 | 🔥 High memory: fontd (5267456 KB)
2025-04-11T04:52:51.880449 | 🔥 High memory: replicatord (5574656 KB)
2025-04-11T04:52:51.880554 | 🔥 High memory: ScreenTimeAgent (24805376 KB)
2025-04-11T04:52:51.880660 | 🔥 High memory: CallHistoryPluginHelper (7852032 KB)
2025-04-11T04:52:51.880833 | 🔥 High memory: com.apple.CloudPhotosConfiguration (2752512 KB)
2025-04-11T04:52:51.881024 | 🔥 High memory: MessagesBlastDoorService (851968 KB)
2025-04-11T04:52:51.881234 | 🔥 High memory: devicecheckd (2351104 KB)
2025-04-11T04:52:51.881361 | 🔥 High memory: Citrix Workspace Helper (7331840 KB)
2025-04-11T04:52:51.881494 | 🔥 High memory: networkserviceproxy (14155776 KB)
2025-04-11T04:52:51.881649 | 🔥 High memory: Dock (22736896 KB)
2025-04-11T04:52:51.881779 | 🔥 High memory: EscrowSecurityAlert (2752512 KB)
2025-04-11T04:52:51.881895 | 🔥 High memory: SpeechSynthesisServerXPC (1875968 KB)
2025-04-11T04:52:51.882002 | 🔥 High memory: findmylocateagent (3334144 KB)
2025-04-11T04:52:51.882131 | 🔥 High memory: loginwindow (28704768 KB)
2025-04-11T04:52:51.882239 | 🔥 High memory: DPSubmissionService (2379776 KB)
2025-04-11T04:52:51.882348 | 🔥 High memory: zsh (819200 KB)
2025-04-11T04:52:51.882456 | 🔥 High memory: ThemeWidgetControlViewService (6062080 KB)
2025-04-11T04:52:51.882618 | 🔥 High memory: IFTranscriptSELFIngestor (2035712 KB)
2025-04-11T04:52:51.882784 | 🔥 High memory: com.apple.appkit.xpc.openAndSavePanelService (8642560 KB)
2025-04-11T04:52:51.883015 | 🔥 High memory: gamecontrolleragentd (1310720 KB)
2025-04-11T04:52:51.883168 | 🔥 High memory: akd (9023488 KB)
2025-04-11T04:52:51.883298 | 🔥 High memory: Code Helper (52678656 KB)
2025-04-11T04:52:51.883417 | 🔥 High memory: com.apple.quicklook.ThumbnailsAgent (13590528 KB)
2025-04-11T04:52:51.883552 | 🔥 High memory: com.apple.WebKit.WebContent (120946688 KB)
2025-04-11T04:52:51.883665 | 🔥 High memory: reversetemplated (4284416 KB)
2025-04-11T04:52:51.883804 | 🔥 High memory: cloudd (22409216 KB)
2025-04-11T04:52:51.884207 | 🔥 High memory: transparencyd (16216064 KB)
2025-04-11T04:52:51.884359 | 🔥 High memory: mediaanalysisd (49922048 KB)
2025-04-11T04:52:51.884479 | 🔥 High memory: CloudKeychainProxy (880640 KB)
2025-04-11T04:52:51.884588 | 🔥 High memory: zsh (11988992 KB)
2025-04-11T04:52:51.884694 | 🔥 High memory: pkd (7995392 KB)
2025-04-11T04:52:51.884848 | 🔥 High memory: newsd (17633280 KB)
2025-04-11T04:52:51.884995 | 🔥 High memory: com.apple.WebKit.WebContent (170799104 KB)
2025-04-11T04:52:51.885182 | 🔥 High memory: rust-analyzer-proc-macro-srv (15327232 KB)
2025-04-11T04:52:51.885325 | 🔥 High memory: MENotificationAgent (942080 KB)
2025-04-11T04:52:51.885480 | 🔥 High memory: sharedfilelistd (4714496 KB)
2025-04-11T04:52:51.885646 | 🔥 High memory: proactived (6410240 KB)
2025-04-11T04:52:51.885806 | 🔥 High memory: SAExtensionOrchestrator (5894144 KB)
2025-04-11T04:52:51.885989 | 🔥 High memory: storedownloadd (729088 KB)
2025-04-11T04:52:51.887190 | 🔥 High memory: gitstatusd-darwin-x86_64 (1327104 KB)
2025-04-11T04:52:51.897103 | 🔥 High memory: SafariLaunchAgent (684032 KB)
2025-04-11T04:52:51.897607 | 🔥 High memory: keyboardservicesd (4251648 KB)
2025-04-11T04:52:51.897822 | 🔥 High memory: Spotlight (105000960 KB)
2025-04-11T04:52:51.898082 | 🔥 High memory: storekitagent (6651904 KB)
2025-04-11T04:52:51.898273 | 🔥 High memory: com.apple.WebKit.WebContent (32489472 KB)
2025-04-11T04:52:51.898519 | 🔥 High memory: peopled (11649024 KB)
2025-04-11T04:52:51.898714 | 🔥 High memory: heard (11571200 KB)
2025-04-11T04:52:51.898861 | 🔥 High memory: betaenrollmentd (843776 KB)
2025-04-11T04:52:51.899104 | 🔥 High memory: JavaAppLauncher (20627456 KB)
2025-04-11T04:52:51.899265 | 🔥 High memory: zsh (4071424 KB)
2025-04-11T04:52:51.899499 | 🔥 High memory: gitstatusd-darwin-x86_64 (561152 KB)
2025-04-11T04:52:51.899789 | 🔥 High memory: tipsd (7667712 KB)
2025-04-11T04:52:51.899991 | 🔥 High memory: Safari (248803328 KB)
2025-04-11T04:52:51.900159 | 🔥 High memory: PAH_Extension (5115904 KB)
2025-04-11T04:52:51.900315 | 🔥 High memory: zsh (614400 KB)
2025-04-11T04:52:51.900503 | 🔥 High memory: dmd (4788224 KB)
2025-04-11T04:52:51.900762 | 🔥 High memory: ControlCenter (37363712 KB)
2025-04-11T04:52:51.900928 | 🔥 High memory: pbs (3051520 KB)
2025-04-11T04:52:51.901133 | 🔥 High memory: suggestd (78827520 KB)
2025-04-11T04:52:51.901298 | 🔥 High memory: dprivacyd (1437696 KB)
2025-04-11T04:52:51.901457 | 🔥 High memory: audioaccessoryd (9367552 KB)
2025-04-11T04:52:51.901615 | 🔥 High memory: ContinuityCaptureAgent (8425472 KB)
2025-04-11T04:52:51.901787 | 🔥 High memory: itunescloudd (15814656 KB)
2025-04-11T04:52:51.902062 | 🔥 High memory: PowerChime (9064448 KB)
2025-04-11T04:52:51.902242 | 🔥 High memory: spotlightknowledged (540672 KB)
2025-04-11T04:52:51.902434 | 🔥 High memory: corespotlightd (124874752 KB)
2025-04-11T04:52:51.902601 | 🔥 High memory: Python (21905408 KB)
2025-04-11T04:52:51.902717 | 🔥 High memory: zsh (503808 KB)
2025-04-11T04:52:51.902826 | 🔥 High memory: ControlStrip (14974976 KB)
2025-04-11T04:52:51.902933 | 🔥 High memory: com.apple.WebKit.WebContent (1209286656 KB)
2025-04-11T04:52:51.903072 | 🔥 High memory: milod (6582272 KB)
2025-04-11T04:52:51.903296 | 🔥 High memory: Terminal (60661760 KB)
2025-04-11T04:52:51.903488 | 🔥 High memory: MessagesBlastDoorService (5357568 KB)
2025-04-11T04:52:51.903621 | 🔥 High memory: remindd (14774272 KB)
2025-04-11T04:52:51.903912 | 🔥 High memory: ImageIOXPCService (2199552 KB)
2025-04-11T04:52:51.904072 | 🔥 High memory: VTEncoderXPCService (4841472 KB)
2025-04-11T04:52:51.904213 | 🔥 High memory: extensionkitservice (3338240 KB)
2025-04-11T04:52:51.904327 | 🔥 High memory: IMTransferAgent (12091392 KB)
2025-04-11T04:52:51.904517 | 🔥 High memory: appstoreagent (23830528 KB)
2025-04-11T04:52:51.904666 | 🔥 High memory: Code Helper (Plugin) (207265792 KB)
2025-04-11T04:52:51.904806 | 🔥 High memory: com.apple.WebKit.WebContent (21794816 KB)
2025-04-11T04:52:51.905037 | 🔥 High memory: containermanagerd (5328896 KB)
2025-04-11T04:52:51.905198 | 🔥 High memory: sirittsd (3166208 KB)
2025-04-11T04:52:51.905352 | 🔥 High memory: IOUIAgent (4055040 KB)
2025-04-11T04:52:51.905487 | 🔥 High memory: AccessibilityVisualsAgent (5996544 KB)
2025-04-11T04:52:51.905598 | 🔥 High memory: zsh (823296 KB)
2025-04-11T04:52:51.905704 | 🔥 High memory: IMTranscoderAgent (8110080 KB)
2025-04-11T04:52:51.905856 | 🔥 High memory: homed (18022400 KB)
2025-04-11T04:52:51.906050 | 🔥 High memory: SPIHelper (5521408 KB)
2025-04-11T04:52:51.906178 | 🔥 High memory: storeaccountd (2129920 KB)
2025-04-11T04:52:51.906288 | 🔥 High memory: com.apple.WebKit.WebContent (42487808 KB)
2025-04-11T04:52:51.906399 | 🔥 High memory: photoanalysisd (23990272 KB)
2025-04-11T04:52:51.906567 | 🔥 High memory: com.apple.CloudDocs.iCloudDriveFileProvider (3596288 KB)
2025-04-11T04:52:51.906706 | 🔥 High memory: cfprefsd (4579328 KB)
2025-04-11T04:52:51.906827 | 🔥 High memory: GMSSELFIngestor (1916928 KB)
2025-04-11T04:52:51.906978 | 🔥 High memory: appleaccountd (5767168 KB)
2025-04-11T04:52:51.907093 | 🔥 High memory: Keychain Circle Notification (4288512 KB)
2025-04-11T04:52:51.907257 | 🔥 High memory: lockoutagent (2457600 KB)
2025-04-11T04:52:51.907394 | 🔥 High memory: PackageThumbnailExtension (1581056 KB)
2025-04-11T04:52:51.907509 | 🔥 High memory: mdwrite (1482752 KB)
2025-04-11T04:52:51.907617 | 🔥 High memory: followupd (2359296 KB)
2025-04-11T04:52:51.907721 | 🔥 High memory: zsh (659456 KB)
2025-04-11T04:52:51.907834 | 🔥 High memory: Code Helper (Plugin) (48930816 KB)
2025-04-11T04:52:51.907937 | 🔥 High memory: nbagent (6492160 KB)
2025-04-11T04:52:51.908038 | 🔥 High memory: zsh (630784 KB)
2025-04-11T04:52:51.908157 | 🔥 High memory: CallHistorySyncHelper (11427840 KB)
2025-04-11T04:52:51.908261 | 🔥 High memory: ImageThumbnailExtension (6066176 KB)
2025-04-11T04:52:51.908366 | 🔥 High memory: webprivacyd (2490368 KB)
2025-04-11T04:52:51.908470 | 🔥 High memory: com.apple.tonelibraryd (1073152 KB)
2025-04-11T04:52:51.908575 | 🔥 High memory: knowledge-agent (35459072 KB)
2025-04-11T04:52:51.908682 | 🔥 High memory: icdd (1990656 KB)
2025-04-11T04:52:51.908789 | 🔥 High memory: CredentialProviderExtensionHelper (2871296 KB)
2025-04-11T04:52:51.908894 | 🔥 High memory: useractivityd (4304896 KB)
2025-04-11T04:52:51.909080 | 🔥 High memory: media-indexer (16412672 KB)
2025-04-11T04:52:51.909211 | 🔥 High memory: SafariBookmarksSyncAgent (9240576 KB)
2025-04-11T04:52:51.909363 | 🔥 High memory: assistant_service (15945728 KB)
2025-04-11T04:52:51.909611 | 🔥 High memory: TextThumbnailExtension (4501504 KB)
2025-04-11T04:52:51.909734 | 🔥 High memory: TextInputSwitcher (6029312 KB)
2025-04-11T04:52:51.909851 | 🔥 High memory: QuickLookUIService (4546560 KB)
2025-04-11T04:52:51.910051 | 🔥 High memory: imagent (28168192 KB)
2025-04-11T04:52:51.910208 | 🔥 High memory: AirPlayUIAgent (4186112 KB)
2025-04-11T04:52:51.910338 | 🔥 High memory: mediaanalysisd-access (1978368 KB)
2025-04-11T04:52:51.910512 | 🔥 High memory: zsh (552960 KB)
2025-04-11T04:52:51.910785 | 🔥 High memory: Code Helper (99602432 KB)
2025-04-11T04:52:51.910947 | 🔥 High memory: Electron (153911296 KB)
2025-04-11T04:52:51.911079 | 🔥 High memory: Python (3780608 KB)
2025-04-11T04:52:51.911206 | 🔥 High memory: IMAutomaticHistoryDeletionAgent (2674688 KB)
2025-04-11T04:52:51.911365 | 🔥 High memory: lsd (7561216 KB)
2025-04-11T04:52:51.911544 | 🔥 High memory: diagnostics_agent (3571712 KB)
2025-04-11T04:52:51.911798 | 🔥 High memory: mediaremoteagent (897024 KB)
2025-04-11T04:52:51.912106 | 🔥 High memory: Code Helper (39514112 KB)
2025-04-11T04:52:51.912363 | 🔥 High memory: CursorUIViewService (15204352 KB)
2025-04-11T04:52:51.912593 | 🔥 High memory: UIKitSystem (13565952 KB)
2025-04-11T04:52:51.912770 | 🔥 High memory: gitstatusd-darwin-x86_64 (1298432 KB)
2025-04-11T04:52:51.912902 | 🔥 High memory: intents_helper (3018752 KB)
2025-04-11T04:52:51.913128 | 🔥 High memory: knowledgeconstructiond (36855808 KB)
2025-04-11T04:52:51.913259 | 🔥 High memory: translationd (7974912 KB)
2025-04-11T04:52:51.913377 | 🔥 High memory: identityservicesd (26435584 KB)
2025-04-11T04:52:51.913492 | 🔥 High memory: com.apple.SiriTTSService.TrialProxy (3682304 KB)
